g:\libraries\vsprojects\untitledengine\bin\debug\intermediates\vc120.pdb
g:\libraries\vsprojects\untitledengine\bin\debug\intermediates\vc120.idb
g:\libraries\vsprojects\untitledengine\bin\debug\intermediates\main.obj
g:\libraries\vsprojects\untitledengine\bin\debug\intermediates\window.obj
g:\libraries\vsprojects\untitledengine\bin\debug\intermediates\mat4.obj
g:\libraries\vsprojects\untitledengine\bin\debug\intermediates\vec2.obj
g:\libraries\vsprojects\untitledengine\bin\debug\intermediates\vec3.obj
g:\libraries\vsprojects\untitledengine\bin\debug\intermediates\vec4.obj
g:\libraries\vsprojects\untitledengine\bin\debug\engine-core.ilk
g:\libraries\vsprojects\untitledengine\bin\debug\engine-core.exe
g:\libraries\vsprojects\untitledengine\bin\debug\engine-core.pdb
g:\libraries\vsprojects\untitledengine\\bin\debug\engine-core.pdb
g:\libraries\vsprojects\untitledengine\\bin\debug\engine-core.exe
g:\libraries\vsprojects\untitledengine\\bin\debug\engine-core.ilk
g:\libraries\vsprojects\untitledengine\bin\debug\intermediates\engine-core.tlog\cl.command.1.tlog
g:\libraries\vsprojects\untitledengine\bin\debug\intermediates\engine-core.tlog\cl.read.1.tlog
g:\libraries\vsprojects\untitledengine\bin\debug\intermediates\engine-core.tlog\cl.write.1.tlog
g:\libraries\vsprojects\untitledengine\bin\debug\intermediates\engine-core.tlog\link.command.1.tlog
g:\libraries\vsprojects\untitledengine\bin\debug\intermediates\engine-core.tlog\link.read.1.tlog
g:\libraries\vsprojects\untitledengine\bin\debug\intermediates\engine-core.tlog\link.write.1.tlog
